<?xml version="1.0" encoding="UTF-8"?>
<testsuite name="AdaptiveKernel" tests="10" failures="8" skipped="0" time="45.426">
  <testcase name="unit_kernel_test.jl" time="18.09">
    <failure message="LoadError("/home/user/projectx/adaptive-kernel/tests/unit_kernel_test.jl", 6, LoadError("/home/user/projectx/adaptive-kernel/kernel/Kernel.jl", 5, InitError(:RustIPC, ErrorException("FATAL SECURITY FAILURE: Rust kernel unavailable.\n\nThe Julia brain is strictly advisory and cannot operate\nwithout explicit Rust kernel approval for all actions.\n\nWithout the Warden (Rust kernel), flow integrity tokens\ncannot be verified. System is halting to maintain \nfail-closed security invariants.\n\nTo recover: Ensure Rust kernel is running and properly\ninitialized before starting Julia brain.\n"))))"></failure>
  </testcase>
  <testcase name="unit_capability_test.jl" time="21.604">
    <failure message="LoadError("/home/user/projectx/adaptive-kernel/tests/unit_capability_test.jl", 5, Some tests did not pass: 9 passed, 0 failed, 1 errored, 0 broken.)"></failure>
  </testcase>
  <testcase name="integration_simulation_test.jl" time="23.263">
    <failure message="LoadError("/home/user/projectx/adaptive-kernel/tests/integration_simulation_test.jl", 7, LoadError("/home/user/projectx/adaptive-kernel/kernel/Kernel.jl", 5, InitError(:RustIPC, ErrorException("FATAL SECURITY FAILURE: Rust kernel unavailable.\n\nThe Julia brain is strictly advisory and cannot operate\nwithout explicit Rust kernel approval for all actions.\n\nWithout the Warden (Rust kernel), flow integrity tokens\ncannot be verified. System is halting to maintain \nfail-closed security invariants.\n\nTo recover: Ensure Rust kernel is running and properly\ninitialized before starting Julia brain.\n"))))"></failure>
  </testcase>
  <testcase name="test_emotional_causal_integration.jl" time="23.571">
  </testcase>
  <testcase name="integration_test.jl" time="35.278">
    <failure message="LoadError("/home/user/projectx/adaptive-kernel/tests/integration_test.jl", 4, LoadError("/home/user/projectx/adaptive-kernel/capabilities/safe_http_request.jl", 1, ArgumentError("Package URIs not found in current path.\n- Run `import Pkg; Pkg.add(\"URIs\")` to install the URIs package.")))"></failure>
  </testcase>
  <testcase name="stress_test.jl" time="36.908">
    <failure message="LoadError("/home/user/projectx/adaptive-kernel/tests/stress_test.jl", 11, LoadError("/home/user/projectx/adaptive-kernel/kernel/Kernel.jl", 5, InitError(:RustIPC, ErrorException("FATAL SECURITY FAILURE: Rust kernel unavailable.\n\nThe Julia brain is strictly advisory and cannot operate\nwithout explicit Rust kernel approval for all actions.\n\nWithout the Warden (Rust kernel), flow integrity tokens\ncannot be verified. System is halting to maintain \nfail-closed security invariants.\n\nTo recover: Ensure Rust kernel is running and properly\ninitialized before starting Julia brain.\n"))))"></failure>
  </testcase>
  <testcase name="test_c1_prompt_injection.jl" time="39.135">
    <failure message="LoadError("/home/user/projectx/adaptive-kernel/tests/test_c1_prompt_injection.jl", 24, Some tests did not pass: 2 passed, 1 failed, 0 errored, 0 broken.)"></failure>
  </testcase>
  <testcase name="test_flow_integrity.jl" time="40.848">
    <failure message="LoadError("/home/user/projectx/adaptive-kernel/tests/test_flow_integrity.jl", 9, LoadError("/home/user/projectx/adaptive-kernel/kernel/Kernel.jl", 5, InitError(:RustIPC, ErrorException("FATAL SECURITY FAILURE: Rust kernel unavailable.\n\nThe Julia brain is strictly advisory and cannot operate\nwithout explicit Rust kernel approval for all actions.\n\nWithout the Warden (Rust kernel), flow integrity tokens\ncannot be verified. System is halting to maintain \nfail-closed security invariants.\n\nTo recover: Ensure Rust kernel is running and properly\ninitialized before starting Julia brain.\n"))))"></failure>
  </testcase>
  <testcase name="test_context_poisoning.jl" time="44.813">
  </testcase>
  <testcase name="structural_integrity_attack_test.jl" time="44.85">
    <failure message="LoadError("/home/user/projectx/adaptive-kernel/tests/structural_integrity_attack_test.jl", 9, LoadError("/home/user/projectx/jarvis/src/types.jl", 4, LoadError("/home/user/projectx/jarvis/src/config/SecureKeystore.jl", 5, ArgumentError("Package Crypto not found in current path.\n- Run `import Pkg; Pkg.add(\"Crypto\")` to install the Crypto package."))))"></failure>
  </testcase>
</testsuite>